This file contains any messages produced by compilers while
running configure, to aid debugging if configure makes a mistake.

It was created by exiv2 configure 0.26, which was
generated by GNU Autoconf 2.71.  Invocation command line was

  $ ./configure --disable-shared

## --------- ##
## Platform. ##
## --------- ##

hostname = b219ae636895
uname -m = x86_64
uname -r = 6.6.7-arch1-1
uname -s = Linux
uname -v = #1 SMP PREEMPT_DYNAMIC Thu, 14 Dec 2023 03:45:42 +0000

/usr/bin/uname -p = x86_64
/bin/uname -X     = unknown

/bin/arch              = x86_64
/usr/bin/arch -k       = unknown
/usr/convex/getsysinfo = unknown
/usr/bin/hostinfo      = unknown
/bin/machine           = unknown
/usr/bin/oslevel       = unknown
/bin/universe          = unknown

PATH: /usr/local/sbin/
PATH: /usr/local/bin/
PATH: /usr/sbin/
PATH: /usr/bin/
PATH: /sbin/
PATH: /bin/
PATH: /etc/cargo/bin/


## ----------- ##
## Core tests. ##
## ----------- ##

configure:3050: looking for aux files: ltmain.sh config.rpath mkinstalldirs config.guess config.sub install-sh
configure:3063:  trying ././config/
configure:3092:   ././config/ltmain.sh found
configure:3092:   ././config/config.rpath found
configure:3092:   ././config/mkinstalldirs found
configure:3092:   ././config/config.guess found
configure:3092:   ././config/config.sub found
configure:3074:   ././config/install-sh found
configure:3352: checking for C++ compiler version
configure:3361: afl-c++ --version >&5
Ubuntu clang version 14.0.6
Target: x86_64-pc-linux-gnu
Thread model: posix
InstalledDir: /usr/lib/llvm-14/bin
configure:3372: $? = 0
configure:3361: afl-c++ -v >&5
Ubuntu clang version 14.0.6
Target: x86_64-pc-linux-gnu
Thread model: posix
InstalledDir: /usr/lib/llvm-14/bin
Found candidate GCC installation: /usr/lib/gcc/x86_64-linux-gnu/11
Selected GCC installation: /usr/lib/gcc/x86_64-linux-gnu/11
Candidate multilib: .;@m64
Candidate multilib: 32;@m32
Candidate multilib: x32;@mx32
Selected multilib: .;@m64
... rest of stderr output deleted ...
configure:3372: $? = 0
configure:3361: afl-c++ -V >&5
clang: error: unsupported option '-V -fPIC'
clang: error: no input files
configure:3372: $? = 1
configure:3361: afl-c++ -qversion >&5
clang: error: unknown argument '-qversion'; did you mean '--version'?
clang: error: no input files
configure:3372: $? = 1
configure:3392: checking whether the C++ compiler works
configure:3414: afl-c++    conftest.cpp  >&5
configure:3418: $? = 0
configure:3468: result: yes
configure:3471: checking for C++ compiler default output file name
configure:3473: result: a.out
configure:3479: checking for suffix of executables
configure:3486: afl-c++ -o conftest    conftest.cpp  >&5
configure:3490: $? = 0
configure:3513: result: 
configure:3535: checking whether we are cross compiling
configure:3543: afl-c++ -o conftest    conftest.cpp  >&5
configure:3547: $? = 0
configure:3554: ./conftest
configure:3558: $? = 0
configure:3573: result: no
configure:3578: checking for suffix of object files
configure:3601: afl-c++ -c   conftest.cpp >&5
configure:3605: $? = 0
configure:3627: result: o
configure:3631: checking whether the compiler supports GNU C++
configure:3651: afl-c++ -c   conftest.cpp >&5
configure:3651: $? = 0
configure:3661: result: yes
configure:3672: checking whether afl-c++ accepts -g
configure:3737: result: no
configure:3757: checking for afl-c++ option to enable C++11 features
configure:3772: afl-c++  -c -O2  conftest.cpp >&5
conftest.cpp:177:25: warning: empty parentheses interpreted as a function declaration [-Wvexing-parse]
  cxx11test::delegate d2();
                        ^~
conftest.cpp:177:25: note: remove parentheses to declare a variable
  cxx11test::delegate d2();
                        ^~
1 warning generated.
configure:3772: $? = 0
configure:3790: result: none needed
configure:3859: checking how to run the C++ preprocessor
configure:3881: afl-c++ -E  conftest.cpp
configure:3881: $? = 0
configure:3896: afl-c++ -E  conftest.cpp
conftest.cpp:11:10: fatal error: 'ac_nonexistent.h' file not found
#include <ac_nonexistent.h>
         ^~~~~~~~~~~~~~~~~~
1 error generated.
configure:3896: $? = 1
configure: failed program was:
| /* confdefs.h */
| #define PACKAGE_NAME "exiv2"
| #define PACKAGE_TARNAME "exiv2"
| #define PACKAGE_VERSION "0.26"
| #define PACKAGE_STRING "exiv2 0.26"
| #define PACKAGE_BUGREPORT "ahuggel@gmx.net"
| #define PACKAGE_URL ""
| #define PACKAGE "exiv2"
| #define VERSION "0.26"
| /* end confdefs.h.  */
| #include <ac_nonexistent.h>
configure:3923: result: afl-c++ -E
configure:3937: afl-c++ -E  conftest.cpp
configure:3937: $? = 0
configure:3952: afl-c++ -E  conftest.cpp
conftest.cpp:11:10: fatal error: 'ac_nonexistent.h' file not found
#include <ac_nonexistent.h>
         ^~~~~~~~~~~~~~~~~~
1 error generated.
configure:3952: $? = 1
configure: failed program was:
| /* confdefs.h */
| #define PACKAGE_NAME "exiv2"
| #define PACKAGE_TARNAME "exiv2"
| #define PACKAGE_VERSION "0.26"
| #define PACKAGE_STRING "exiv2 0.26"
| #define PACKAGE_BUGREPORT "ahuggel@gmx.net"
| #define PACKAGE_URL ""
| #define PACKAGE "exiv2"
| #define VERSION "0.26"
| /* end confdefs.h.  */
| #include <ac_nonexistent.h>
configure:4046: checking for gcc
configure:4078: result: afl-cc
configure:4431: checking for C compiler version
configure:4440: afl-cc --version >&5
Ubuntu clang version 14.0.6
Target: x86_64-pc-linux-gnu
Thread model: posix
InstalledDir: /usr/lib/llvm-14/bin
configure:4451: $? = 0
configure:4440: afl-cc -v >&5
Ubuntu clang version 14.0.6
Target: x86_64-pc-linux-gnu
Thread model: posix
InstalledDir: /usr/lib/llvm-14/bin
Found candidate GCC installation: /usr/lib/gcc/x86_64-linux-gnu/11
Selected GCC installation: /usr/lib/gcc/x86_64-linux-gnu/11
Candidate multilib: .;@m64
Candidate multilib: 32;@m32
Candidate multilib: x32;@mx32
Selected multilib: .;@m64
... rest of stderr output deleted ...
configure:4451: $? = 0
configure:4440: afl-cc -V >&5
clang: error: unsupported option '-V -fPIC'
clang: error: no input files
configure:4451: $? = 1
configure:4440: afl-cc -qversion >&5
clang: error: unknown argument '-qversion'; did you mean '--version'?
clang: error: no input files
configure:4451: $? = 1
configure:4440: afl-cc -version >&5
clang: error: unknown argument '-version'; did you mean '--version'?
clang: error: no input files
configure:4451: $? = 1
configure:4455: checking whether the compiler supports GNU C
configure:4475: afl-cc -c   conftest.c >&5
configure:4475: $? = 0
configure:4485: result: yes
configure:4496: checking whether afl-cc accepts -g
configure:4561: result: no
configure:4581: checking for afl-cc option to enable C11 features
configure:4596: afl-cc  -c -O2  conftest.c >&5
configure:4596: $? = 0
configure:4614: result: none needed
configure:4729: checking how to run the C preprocessor
configure:4755: afl-cc -E  conftest.c
configure:4755: $? = 0
configure:4770: afl-cc -E  conftest.c
conftest.c:11:10: fatal error: 'ac_nonexistent.h' file not found
#include <ac_nonexistent.h>
         ^~~~~~~~~~~~~~~~~~
1 error generated.
configure:4770: $? = 1
configure: failed program was:
| /* confdefs.h */
| #define PACKAGE_NAME "exiv2"
| #define PACKAGE_TARNAME "exiv2"
| #define PACKAGE_VERSION "0.26"
| #define PACKAGE_STRING "exiv2 0.26"
| #define PACKAGE_BUGREPORT "ahuggel@gmx.net"
| #define PACKAGE_URL ""
| #define PACKAGE "exiv2"
| #define VERSION "0.26"
| /* end confdefs.h.  */
| #include <ac_nonexistent.h>
configure:4797: result: afl-cc -E
configure:4811: afl-cc -E  conftest.c
configure:4811: $? = 0
configure:4826: afl-cc -E  conftest.c
conftest.c:11:10: fatal error: 'ac_nonexistent.h' file not found
#include <ac_nonexistent.h>
         ^~~~~~~~~~~~~~~~~~
1 error generated.
configure:4826: $? = 1
configure: failed program was:
| /* confdefs.h */
| #define PACKAGE_NAME "exiv2"
| #define PACKAGE_TARNAME "exiv2"
| #define PACKAGE_VERSION "0.26"
| #define PACKAGE_STRING "exiv2 0.26"
| #define PACKAGE_BUGREPORT "ahuggel@gmx.net"
| #define PACKAGE_URL ""
| #define PACKAGE "exiv2"
| #define VERSION "0.26"
| /* end confdefs.h.  */
| #include <ac_nonexistent.h>
configure:4872: checking for a BSD-compatible install
configure:4945: result: /usr/bin/install -c
configure:4956: checking whether ln -s works
configure:4960: result: yes
configure:4967: checking whether make sets $(MAKE)
configure:4990: result: yes
configure:5005: checking build system type
configure:5020: result: x86_64-unknown-linux-gnu
configure:5040: checking host system type
configure:5054: result: x86_64-unknown-linux-gnu
configure:5094: checking whether NLS is requested
configure:5104: result: yes
configure:5142: checking for msgfmt
configure:5178: result: no
configure:5184: checking for gmsgfmt
configure:5220: result: :
configure:5260: checking for xgettext
configure:5296: result: no
configure:5333: checking for msgmerge
configure:5368: result: no
configure:5441: checking for ld used by GCC
configure:5506: result: /usr/bin/ld
configure:5513: checking if the linker (/usr/bin/ld) is GNU ld
configure:5527: result: yes
configure:5536: checking for shared library run path origin
configure:5550: result: done
configure:5969: checking for CFPreferencesCopyAppValue
configure:5990: afl-cc -o conftest -O2  -I/System/Library/Frameworks/CoreFoundation.framework/Headers  conftest.c  -framework CoreFoundation >&5
conftest.c:11:10: fatal error: 'CFPreferences.h' file not found
#include <CFPreferences.h>
         ^~~~~~~~~~~~~~~~~
1 error generated.
configure:5990: $? = 1
configure: failed program was:
| /* confdefs.h */
| #define PACKAGE_NAME "exiv2"
| #define PACKAGE_TARNAME "exiv2"
| #define PACKAGE_VERSION "0.26"
| #define PACKAGE_STRING "exiv2 0.26"
| #define PACKAGE_BUGREPORT "ahuggel@gmx.net"
| #define PACKAGE_URL ""
| #define PACKAGE "exiv2"
| #define VERSION "0.26"
| /* end confdefs.h.  */
| #include <CFPreferences.h>
| int
| main (void)
| {
| CFPreferencesCopyAppValue(NULL, NULL)
|   ;
|   return 0;
| }
configure:6001: result: no
configure:6008: checking for CFLocaleCopyCurrent
configure:6029: afl-cc -o conftest -O2  -I/System/Library/Frameworks/CoreFoundation.framework/Headers  conftest.c  -framework CoreFoundation >&5
conftest.c:11:10: fatal error: 'CFLocale.h' file not found
#include <CFLocale.h>
         ^~~~~~~~~~~~
1 error generated.
configure:6029: $? = 1
configure: failed program was:
| /* confdefs.h */
| #define PACKAGE_NAME "exiv2"
| #define PACKAGE_TARNAME "exiv2"
| #define PACKAGE_VERSION "0.26"
| #define PACKAGE_STRING "exiv2 0.26"
| #define PACKAGE_BUGREPORT "ahuggel@gmx.net"
| #define PACKAGE_URL ""
| #define PACKAGE "exiv2"
| #define VERSION "0.26"
| /* end confdefs.h.  */
| #include <CFLocale.h>
| int
| main (void)
| {
| CFLocaleCopyCurrent();
|   ;
|   return 0;
| }
configure:6040: result: no
configure:6055: checking whether NLS is requested
configure:6065: result: yes
configure:6083: checking for GNU gettext in libc
configure:6103: afl-cc -o conftest -O2   conftest.c  >&5
configure:6103: $? = 0
configure:6112: result: yes
configure:6707: checking whether to use NLS
configure:6709: result: yes
configure:6712: checking where the gettext function comes from
configure:6723: result: libc
configure:6810: checking for a sed that does not truncate output
configure:6880: result: /usr/bin/sed
configure:6898: checking for grep that handles long lines and -e
configure:6962: result: /usr/bin/grep
configure:6967: checking for egrep
configure:7035: result: /usr/bin/grep -E
configure:7040: checking for fgrep
configure:7108: result: /usr/bin/grep -F
configure:7144: checking for ld used by afl-cc
configure:7212: result: /usr/bin/ld
configure:7219: checking if the linker (/usr/bin/ld) is GNU ld
configure:7235: result: yes
configure:7247: checking for BSD- or MS-compatible name lister (nm)
configure:7297: result: /usr/bin/nm -B
configure:7425: checking the name lister (/usr/bin/nm -B) interface
configure:7433: afl-cc -c -O2  conftest.c >&5
configure:7436: /usr/bin/nm -B "conftest.o"
configure:7439: output
0000000000000000 B some_variable
configure:7446: result: BSD nm
configure:7450: checking the maximum length of command line arguments
configure:7571: result: 1572864
configure:7588: checking whether the shell understands some XSI constructs
configure:7598: result: yes
configure:7602: checking whether the shell understands "+="
configure:7608: result: yes
configure:7643: checking for /usr/bin/ld option to reload object files
configure:7651: result: -r
configure:7725: checking for objdump
configure:7746: found /usr/bin/objdump
configure:7757: result: objdump
configure:7789: checking how to recognize dependent libraries
configure:7986: result: pass_all
configure:8051: checking for ar
configure:8072: found /usr/bin/ar
configure:8083: result: ar
configure:8166: checking for strip
configure:8187: found /usr/bin/strip
configure:8198: result: strip
configure:8275: checking for ranlib
configure:8296: found /usr/bin/ranlib
configure:8307: result: ranlib
configure:8397: checking command to parse /usr/bin/nm -B output from afl-cc object
configure:8516: afl-cc -c -O2  conftest.c >&5
configure:8519: $? = 0
configure:8523: /usr/bin/nm -B conftest.o \| sed -n -e 's/^.*[	 ]\([ABCDGIRSTW][ABCDGIRSTW]*\)[	 ][	 ]*\([_A-Za-z][_A-Za-z0-9]*\)$/\1 \2 \2/p' \> conftest.nm
configure:8526: $? = 0
configure:8580: afl-cc -o conftest -O2   conftest.c conftstm.o >&5
configure:8583: $? = 0
configure:8621: result: ok
configure:8717: afl-cc -c -O2  conftest.c >&5
configure:8720: $? = 0
configure:9484: checking for stdio.h
configure:9484: afl-cc -c -O2  conftest.c >&5
configure:9484: $? = 0
configure:9484: result: yes
configure:9484: checking for stdlib.h
configure:9484: afl-cc -c -O2  conftest.c >&5
configure:9484: $? = 0
configure:9484: result: yes
configure:9484: checking for string.h
configure:9484: afl-cc -c -O2  conftest.c >&5
configure:9484: $? = 0
configure:9484: result: yes
configure:9484: checking for inttypes.h
configure:9484: afl-cc -c -O2  conftest.c >&5
configure:9484: $? = 0
configure:9484: result: yes
configure:9484: checking for stdint.h
configure:9484: afl-cc -c -O2  conftest.c >&5
configure:9484: $? = 0
configure:9484: result: yes
configure:9484: checking for strings.h
configure:9484: afl-cc -c -O2  conftest.c >&5
configure:9484: $? = 0
configure:9484: result: yes
configure:9484: checking for sys/stat.h
configure:9484: afl-cc -c -O2  conftest.c >&5
configure:9484: $? = 0
configure:9484: result: yes
configure:9484: checking for sys/types.h
configure:9484: afl-cc -c -O2  conftest.c >&5
configure:9484: $? = 0
configure:9484: result: yes
configure:9484: checking for unistd.h
configure:9484: afl-cc -c -O2  conftest.c >&5
configure:9484: $? = 0
configure:9484: result: yes
configure:9484: checking for sys/param.h
configure:9484: afl-cc -c -O2  conftest.c >&5
configure:9484: $? = 0
configure:9484: result: yes
configure:9509: checking for dlfcn.h
configure:9509: afl-cc -c -O2  conftest.c >&5
configure:9509: $? = 0
configure:9509: result: yes
configure:9641: checking for C++ compiler version
configure:9650: afl-c++ --version >&5
Ubuntu clang version 14.0.6
Target: x86_64-pc-linux-gnu
Thread model: posix
InstalledDir: /usr/lib/llvm-14/bin
configure:9661: $? = 0
configure:9650: afl-c++ -v >&5
Ubuntu clang version 14.0.6
Target: x86_64-pc-linux-gnu
Thread model: posix
InstalledDir: /usr/lib/llvm-14/bin
Found candidate GCC installation: /usr/lib/gcc/x86_64-linux-gnu/11
Selected GCC installation: /usr/lib/gcc/x86_64-linux-gnu/11
Candidate multilib: .;@m64
Candidate multilib: 32;@m32
Candidate multilib: x32;@mx32
Selected multilib: .;@m64
... rest of stderr output deleted ...
configure:9661: $? = 0
configure:9650: afl-c++ -V >&5
clang: error: unsupported option '-V -fPIC'
clang: error: no input files
configure:9661: $? = 1
configure:9650: afl-c++ -qversion >&5
clang: error: unknown argument '-qversion'; did you mean '--version'?
clang: error: no input files
configure:9661: $? = 1
configure:9665: checking whether the compiler supports GNU C++
configure:9695: result: yes
configure:9706: checking whether afl-c++ accepts -g
configure:9771: result: no
configure:9791: checking for afl-c++ option to enable C++11 features
configure:9824: result: none needed
configure:9896: checking how to run the C++ preprocessor
configure:9960: result: afl-c++ -E
configure:9974: afl-c++ -E  conftest.cpp
configure:9974: $? = 0
configure:9989: afl-c++ -E  conftest.cpp
conftest.cpp:26:10: fatal error: 'ac_nonexistent.h' file not found
#include <ac_nonexistent.h>
         ^~~~~~~~~~~~~~~~~~
1 error generated.
configure:9989: $? = 1
configure: failed program was:
| /* confdefs.h */
| #define PACKAGE_NAME "exiv2"
| #define PACKAGE_TARNAME "exiv2"
| #define PACKAGE_VERSION "0.26"
| #define PACKAGE_STRING "exiv2 0.26"
| #define PACKAGE_BUGREPORT "ahuggel@gmx.net"
| #define PACKAGE_URL ""
| #define PACKAGE "exiv2"
| #define VERSION "0.26"
| #define ENABLE_NLS 1
| #define HAVE_GETTEXT 1
| #define HAVE_DCGETTEXT 1
| #define HAVE_STDIO_H 1
| #define HAVE_STDLIB_H 1
| #define HAVE_STRING_H 1
| #define HAVE_INTTYPES_H 1
| #define HAVE_STDINT_H 1
| #define HAVE_STRINGS_H 1
| #define HAVE_SYS_STAT_H 1
| #define HAVE_SYS_TYPES_H 1
| #define HAVE_UNISTD_H 1
| #define HAVE_SYS_PARAM_H 1
| #define STDC_HEADERS 1
| #define HAVE_DLFCN_H 1
| /* end confdefs.h.  */
| #include <ac_nonexistent.h>
configure:10201: checking for objdir
configure:10217: result: .libs
configure:10513: checking if afl-cc supports -fno-rtti -fno-exceptions
configure:10532: afl-cc -c -O2  -fno-rtti -fno-exceptions conftest.c >&5
configure:10536: $? = 0
configure:10549: result: yes
configure:10569: checking for afl-cc option to produce PIC
configure:10841: result: -fPIC -DPIC
configure:10853: checking if afl-cc PIC flag -fPIC -DPIC works
configure:10872: afl-cc -c -O2  -fPIC -DPIC -DPIC conftest.c >&5
configure:10876: $? = 0
configure:10889: result: yes
configure:10913: checking if afl-cc static flag -static works
configure:10942: result: yes
configure:10957: checking if afl-cc supports -c -o file.o
configure:10979: afl-cc -c -O2  -o out/conftest2.o conftest.c >&5
configure:10983: $? = 0
configure:11005: result: yes
configure:11013: checking if afl-cc supports -c -o file.o
configure:11061: result: yes
configure:11094: checking whether the afl-cc linker (/usr/bin/ld -m elf_x86_64) supports shared libraries
configure:12087: result: yes
configure:12326: checking dynamic linker characteristics
configure:12759: afl-cc -o conftest -O2   -Wl,-rpath -Wl,/foo conftest.c  >&5
configure:12759: $? = 0
configure:12991: result: GNU/Linux ld.so
configure:13093: checking how to hardcode library paths into programs
configure:13118: result: immediate
configure:13642: checking whether stripping libraries is possible
configure:13647: result: yes
configure:13682: checking if libtool supports shared libraries
configure:13684: result: yes
configure:13687: checking whether to build shared libraries
configure:13708: result: no
configure:13711: checking whether to build static libraries
configure:13715: result: yes
configure:13866: checking for ld used by afl-c++
configure:13934: result: /usr/bin/ld -m elf_x86_64
configure:13941: checking if the linker (/usr/bin/ld -m elf_x86_64) is GNU ld
configure:13957: result: yes
configure:14012: checking whether the afl-c++ linker (/usr/bin/ld -m elf_x86_64) supports shared libraries
configure:14927: result: yes
configure:14955: afl-c++ -c -O2  conftest.cpp >&5
configure:14958: $? = 0
configure:15140: checking for afl-c++ option to produce PIC
configure:15457: result: -fPIC -DPIC
configure:15466: checking if afl-c++ PIC flag -fPIC -DPIC works
configure:15485: afl-c++ -c -O2  -fPIC -DPIC -DPIC conftest.cpp >&5
configure:15489: $? = 0
configure:15502: result: yes
configure:15523: checking if afl-c++ static flag -static works
configure:15552: result: yes
configure:15564: checking if afl-c++ supports -c -o file.o
configure:15586: afl-c++ -c -O2  -o out/conftest2.o conftest.cpp >&5
configure:15590: $? = 0
configure:15612: result: yes
configure:15617: checking if afl-c++ supports -c -o file.o
configure:15665: result: yes
configure:15695: checking whether the afl-c++ linker (/usr/bin/ld -m elf_x86_64) supports shared libraries
configure:15724: result: yes
configure:15861: checking dynamic linker characteristics
configure:16242: afl-c++ -o conftest -O2   -Wl,-rpath -Wl,/foo conftest.cpp  >&5
configure:16242: $? = 0
configure:16474: result: GNU/Linux ld.so
configure:16525: checking how to hardcode library paths into programs
configure:16550: result: immediate
configure:16701: checking for cos in -lm
configure:16724: afl-cc -o conftest -O2   conftest.c -lm   >&5
conftest.c:31:6: warning: incompatible redeclaration of library function 'cos' [-Wincompatible-library-redeclaration]
char cos ();
     ^
conftest.c:31:6: note: 'cos' is a builtin with type 'double (double)'
1 warning generated.
configure:16724: $? = 0
configure:16734: result: yes
configure:16749: checking if zlib is wanted
configure:16765: result: yes
configure:16799: checking for inflateEnd in -lz
configure:16822: afl-cc -o conftest -O2   conftest.c -lz   -lm >&5
configure:16822: $? = 0
configure:16832: result: yes
configure:16841: checking for zlib.h
configure:16841: afl-cc -c -O2  conftest.c >&5
configure:16841: $? = 0
configure:16841: result: yes
configure:16860: checking for inflateEnd in -lz
configure:16893: result: yes
configure:16903: checking zlib in /usr
configure:16905: result: ok
configure:16955: checking for iconv
configure:16978: afl-cc -o conftest -O2   conftest.c -lz  -lm >&5
configure:16978: $? = 0
configure:17012: result: yes
configure:17033: checking for iconv declaration
configure:17063: afl-cc -c -O2  conftest.c >&5
configure:17063: $? = 0
configure:17074: result: 
         extern size_t iconv (iconv_t cd, char * *inbuf, size_t *inbytesleft, char * *outbuf, size_t *outbytesleft);
configure:17090: checking for egrep
configure:17158: result: /usr/bin/grep -E
configure:17164: checking for libintl.h
configure:17164: afl-cc -c -O2  conftest.c >&5
configure:17164: $? = 0
configure:17164: result: yes
configure:17170: checking for locale.h
configure:17170: afl-cc -c -O2  conftest.c >&5
configure:17170: $? = 0
configure:17170: result: yes
configure:17176: checking for malloc.h
configure:17176: afl-cc -c -O2  conftest.c >&5
configure:17176: $? = 0
configure:17176: result: yes
configure:17182: checking for stdint.h
configure:17182: result: yes
configure:17188: checking for stdlib.h
configure:17188: result: yes
configure:17194: checking for string.h
configure:17194: result: yes
configure:17200: checking for unistd.h
configure:17200: result: yes
configure:17206: checking for sys/mman.h
configure:17206: afl-cc -c -O2  conftest.c >&5
configure:17206: $? = 0
configure:17206: result: yes
configure:17212: checking for utime.h
configure:17212: afl-cc -c -O2  conftest.c >&5
configure:17212: $? = 0
configure:17212: result: yes
configure:17218: checking for regex.h
configure:17218: afl-cc -c -O2  conftest.c >&5
configure:17218: $? = 0
configure:17218: result: yes
configure:17229: checking for _Bool
configure:17229: afl-cc -c -O2  conftest.c >&5
configure:17229: $? = 0
configure:17229: afl-cc -c -O2  conftest.c >&5
conftest.c:71:20: error: expected expression
if (sizeof ((_Bool)))
                   ^
1 error generated.
configure:17229: $? = 1
configure: failed program was:
| /* confdefs.h */
| #define PACKAGE_NAME "exiv2"
| #define PACKAGE_TARNAME "exiv2"
| #define PACKAGE_VERSION "0.26"
| #define PACKAGE_STRING "exiv2 0.26"
| #define PACKAGE_BUGREPORT "ahuggel@gmx.net"
| #define PACKAGE_URL ""
| #define PACKAGE "exiv2"
| #define VERSION "0.26"
| #define ENABLE_NLS 1
| #define HAVE_GETTEXT 1
| #define HAVE_DCGETTEXT 1
| #define HAVE_STDIO_H 1
| #define HAVE_STDLIB_H 1
| #define HAVE_STRING_H 1
| #define HAVE_INTTYPES_H 1
| #define HAVE_STDINT_H 1
| #define HAVE_STRINGS_H 1
| #define HAVE_SYS_STAT_H 1
| #define HAVE_SYS_TYPES_H 1
| #define HAVE_UNISTD_H 1
| #define HAVE_SYS_PARAM_H 1
| #define STDC_HEADERS 1
| #define HAVE_DLFCN_H 1
| #define LT_OBJDIR ".libs/"
| #define HAVE_LIBZ 1
| #define HAVE_ICONV 1
| #define ICONV_CONST 
| #define HAVE_LIBINTL_H 1
| #define HAVE_LOCALE_H 1
| #define HAVE_MALLOC_H 1
| #define HAVE_STDINT_H 1
| #define HAVE_STDLIB_H 1
| #define HAVE_STRING_H 1
| #define HAVE_UNISTD_H 1
| #define HAVE_SYS_MMAN_H 1
| #define HAVE_UTIME_H 1
| #define HAVE_REGEX_H 1
| /* end confdefs.h.  */
| #include <stddef.h>
| #ifdef HAVE_STDIO_H
| # include <stdio.h>
| #endif
| #ifdef HAVE_STDLIB_H
| # include <stdlib.h>
| #endif
| #ifdef HAVE_STRING_H
| # include <string.h>
| #endif
| #ifdef HAVE_INTTYPES_H
| # include <inttypes.h>
| #endif
| #ifdef HAVE_STDINT_H
| # include <stdint.h>
| #endif
| #ifdef HAVE_STRINGS_H
| # include <strings.h>
| #endif
| #ifdef HAVE_SYS_TYPES_H
| # include <sys/types.h>
| #endif
| #ifdef HAVE_SYS_STAT_H
| # include <sys/stat.h>
| #endif
| #ifdef HAVE_UNISTD_H
| # include <unistd.h>
| #endif
| int
| main (void)
| {
| if (sizeof ((_Bool)))
| 	    return 0;
|   ;
|   return 0;
| }
configure:17229: result: yes
configure:17238: checking for stdbool.h that conforms to C99
configure:17354: afl-cc -c -O2  conftest.c >&5
conftest.c:126:25: warning: address of 's' will always evaluate to 'true' [-Wpointer-bool-conversion]
             bool ps = &s;
                  ~~    ^
conftest.c:131:28: warning: address of 't' will always evaluate to 'true' [-Wpointer-bool-conversion]
               _Bool pt = &t;
                     ~~    ^
conftest.c:141:55: warning: address of array 'y' will always evaluate to 'true' [-Wpointer-bool-conversion]
                                                     ~^
conftest.c:141:50: warning: address of array 'x' will always evaluate to 'true' [-Wpointer-bool-conversion]
                                                ~^
conftest.c:141:45: warning: address of array 'w' will always evaluate to 'true' [-Wpointer-bool-conversion]
                                           ~^
conftest.c:141:40: warning: address of array 'v' will always evaluate to 'true' [-Wpointer-bool-conversion]
                                      ~^
conftest.c:141:35: warning: address of array 'u' will always evaluate to 'true' [-Wpointer-bool-conversion]
                                 ~^
conftest.c:141:30: warning: address of array 'r' will always evaluate to 'true' [-Wpointer-bool-conversion]
                            ~^
conftest.c:141:25: warning: address of array 'q' will always evaluate to 'true' [-Wpointer-bool-conversion]
                       ~^
conftest.c:139:40: warning: address of array 'o' will always evaluate to 'true' [-Wpointer-bool-conversion]
                                      ~^
conftest.c:139:35: warning: address of array 'n' will always evaluate to 'true' [-Wpointer-bool-conversion]
                                 ~^
conftest.c:139:30: warning: address of array 'm' will always evaluate to 'true' [-Wpointer-bool-conversion]
                            ~^
conftest.c:139:25: warning: address of array 'l' will always evaluate to 'true' [-Wpointer-bool-conversion]
                       ~^
conftest.c:138:73: warning: address of array 'k' will always evaluate to 'true' [-Wpointer-bool-conversion]
             return (!a + !b + !c + !d + !e + !f + !g + !h + !i + !j + !k
                                                                       ~^
conftest.c:138:68: warning: address of array 'j' will always evaluate to 'true' [-Wpointer-bool-conversion]
             return (!a + !b + !c + !d + !e + !f + !g + !h + !i + !j + !k
                                                                  ~^
conftest.c:138:63: warning: address of array 'i' will always evaluate to 'true' [-Wpointer-bool-conversion]
             return (!a + !b + !c + !d + !e + !f + !g + !h + !i + !j + !k
                                                             ~^
conftest.c:138:38: warning: address of array 'd' will always evaluate to 'true' [-Wpointer-bool-conversion]
             return (!a + !b + !c + !d + !e + !f + !g + !h + !i + !j + !k
                                    ~^
conftest.c:138:33: warning: address of array 'c' will always evaluate to 'true' [-Wpointer-bool-conversion]
             return (!a + !b + !c + !d + !e + !f + !g + !h + !i + !j + !k
                               ~^
conftest.c:138:28: warning: address of array 'b' will always evaluate to 'true' [-Wpointer-bool-conversion]
             return (!a + !b + !c + !d + !e + !f + !g + !h + !i + !j + !k
                          ~^
conftest.c:138:23: warning: address of array 'a' will always evaluate to 'true' [-Wpointer-bool-conversion]
             return (!a + !b + !c + !d + !e + !f + !g + !h + !i + !j + !k
                     ~^
20 warnings generated.
configure:17354: $? = 0
configure:17362: result: yes
configure:17371: checking for an ANSI C-conforming const
configure:17438: afl-cc -c -O2  conftest.c >&5
configure:17438: $? = 0
configure:17446: result: yes
configure:17454: checking for inline
configure:17471: afl-cc -c -O2  conftest.c >&5
configure:17471: $? = 0
configure:17480: result: inline
configure:17499: checking for pid_t
configure:17499: afl-cc -c -O2  conftest.c >&5
configure:17499: $? = 0
configure:17499: afl-cc -c -O2  conftest.c >&5
conftest.c:74:20: error: expected expression
if (sizeof ((pid_t)))
                   ^
1 error generated.
configure:17499: $? = 1
configure: failed program was:
| /* confdefs.h */
| #define PACKAGE_NAME "exiv2"
| #define PACKAGE_TARNAME "exiv2"
| #define PACKAGE_VERSION "0.26"
| #define PACKAGE_STRING "exiv2 0.26"
| #define PACKAGE_BUGREPORT "ahuggel@gmx.net"
| #define PACKAGE_URL ""
| #define PACKAGE "exiv2"
| #define VERSION "0.26"
| #define ENABLE_NLS 1
| #define HAVE_GETTEXT 1
| #define HAVE_DCGETTEXT 1
| #define HAVE_STDIO_H 1
| #define HAVE_STDLIB_H 1
| #define HAVE_STRING_H 1
| #define HAVE_INTTYPES_H 1
| #define HAVE_STDINT_H 1
| #define HAVE_STRINGS_H 1
| #define HAVE_SYS_STAT_H 1
| #define HAVE_SYS_TYPES_H 1
| #define HAVE_UNISTD_H 1
| #define HAVE_SYS_PARAM_H 1
| #define STDC_HEADERS 1
| #define HAVE_DLFCN_H 1
| #define LT_OBJDIR ".libs/"
| #define HAVE_LIBZ 1
| #define HAVE_ICONV 1
| #define ICONV_CONST 
| #define HAVE_LIBINTL_H 1
| #define HAVE_LOCALE_H 1
| #define HAVE_MALLOC_H 1
| #define HAVE_STDINT_H 1
| #define HAVE_STDLIB_H 1
| #define HAVE_STRING_H 1
| #define HAVE_UNISTD_H 1
| #define HAVE_SYS_MMAN_H 1
| #define HAVE_UTIME_H 1
| #define HAVE_REGEX_H 1
| #define HAVE__BOOL 1
| #define HAVE_STDBOOL_H 1
| /* end confdefs.h.  */
| #include <stddef.h>
| #ifdef HAVE_STDIO_H
| # include <stdio.h>
| #endif
| #ifdef HAVE_STDLIB_H
| # include <stdlib.h>
| #endif
| #ifdef HAVE_STRING_H
| # include <string.h>
| #endif
| #ifdef HAVE_INTTYPES_H
| # include <inttypes.h>
| #endif
| #ifdef HAVE_STDINT_H
| # include <stdint.h>
| #endif
| #ifdef HAVE_STRINGS_H
| # include <strings.h>
| #endif
| #ifdef HAVE_SYS_TYPES_H
| # include <sys/types.h>
| #endif
| #ifdef HAVE_SYS_STAT_H
| # include <sys/stat.h>
| #endif
| #ifdef HAVE_UNISTD_H
| # include <unistd.h>
| #endif
| 
| int
| main (void)
| {
| if (sizeof ((pid_t)))
| 	    return 0;
|   ;
|   return 0;
| }
configure:17499: result: yes
configure:17535: checking for size_t
configure:17535: afl-cc -c -O2  conftest.c >&5
configure:17535: $? = 0
configure:17535: afl-cc -c -O2  conftest.c >&5
conftest.c:73:21: error: expected expression
if (sizeof ((size_t)))
                    ^
1 error generated.
configure:17535: $? = 1
configure: failed program was:
| /* confdefs.h */
| #define PACKAGE_NAME "exiv2"
| #define PACKAGE_TARNAME "exiv2"
| #define PACKAGE_VERSION "0.26"
| #define PACKAGE_STRING "exiv2 0.26"
| #define PACKAGE_BUGREPORT "ahuggel@gmx.net"
| #define PACKAGE_URL ""
| #define PACKAGE "exiv2"
| #define VERSION "0.26"
| #define ENABLE_NLS 1
| #define HAVE_GETTEXT 1
| #define HAVE_DCGETTEXT 1
| #define HAVE_STDIO_H 1
| #define HAVE_STDLIB_H 1
| #define HAVE_STRING_H 1
| #define HAVE_INTTYPES_H 1
| #define HAVE_STDINT_H 1
| #define HAVE_STRINGS_H 1
| #define HAVE_SYS_STAT_H 1
| #define HAVE_SYS_TYPES_H 1
| #define HAVE_UNISTD_H 1
| #define HAVE_SYS_PARAM_H 1
| #define STDC_HEADERS 1
| #define HAVE_DLFCN_H 1
| #define LT_OBJDIR ".libs/"
| #define HAVE_LIBZ 1
| #define HAVE_ICONV 1
| #define ICONV_CONST 
| #define HAVE_LIBINTL_H 1
| #define HAVE_LOCALE_H 1
| #define HAVE_MALLOC_H 1
| #define HAVE_STDINT_H 1
| #define HAVE_STDLIB_H 1
| #define HAVE_STRING_H 1
| #define HAVE_UNISTD_H 1
| #define HAVE_SYS_MMAN_H 1
| #define HAVE_UTIME_H 1
| #define HAVE_REGEX_H 1
| #define HAVE__BOOL 1
| #define HAVE_STDBOOL_H 1
| /* end confdefs.h.  */
| #include <stddef.h>
| #ifdef HAVE_STDIO_H
| # include <stdio.h>
| #endif
| #ifdef HAVE_STDLIB_H
| # include <stdlib.h>
| #endif
| #ifdef HAVE_STRING_H
| # include <string.h>
| #endif
| #ifdef HAVE_INTTYPES_H
| # include <inttypes.h>
| #endif
| #ifdef HAVE_STDINT_H
| # include <stdint.h>
| #endif
| #ifdef HAVE_STRINGS_H
| # include <strings.h>
| #endif
| #ifdef HAVE_SYS_TYPES_H
| # include <sys/types.h>
| #endif
| #ifdef HAVE_SYS_STAT_H
| # include <sys/stat.h>
| #endif
| #ifdef HAVE_UNISTD_H
| # include <unistd.h>
| #endif
| int
| main (void)
| {
| if (sizeof ((size_t)))
| 	    return 0;
|   ;
|   return 0;
| }
configure:17535: result: yes
configure:17545: checking whether struct tm is in sys/time.h or time.h
configure:17566: afl-cc -c -O2  conftest.c >&5
configure:17566: $? = 0
configure:17574: result: time.h
configure:17601: checking for getpagesize
configure:17601: afl-cc -o conftest -O2   conftest.c -lz  -lm >&5
configure:17601: $? = 0
configure:17601: result: yes
configure:17612: checking for working mmap
configure:17764: afl-cc -o conftest -O2   conftest.c -lz  -lm >&5
configure:17764: $? = 0
configure:17764: ./conftest
configure:17764: $? = 0
configure:17775: result: yes
configure:17784: checking for afl-cc options needed to detect all undeclared functions
configure:17806: afl-cc -c -O2   conftest.c >&5
conftest.c:48:8: warning: implicitly declaring library function 'strchr' with type 'char *(const char *, int)' [-Wimplicit-function-declaration]
(void) strchr;
       ^
conftest.c:48:8: note: include the header <string.h> or explicitly provide a declaration for 'strchr'
1 warning generated.
configure:17806: $? = 0
configure:17806: afl-cc -c -O2 -fno-builtin  conftest.c >&5
conftest.c:48:8: error: use of undeclared identifier 'strchr'
(void) strchr;
       ^
1 error generated.
configure:17806: $? = 1
configure: failed program was:
| /* confdefs.h */
| #define PACKAGE_NAME "exiv2"
| #define PACKAGE_TARNAME "exiv2"
| #define PACKAGE_VERSION "0.26"
| #define PACKAGE_STRING "exiv2 0.26"
| #define PACKAGE_BUGREPORT "ahuggel@gmx.net"
| #define PACKAGE_URL ""
| #define PACKAGE "exiv2"
| #define VERSION "0.26"
| #define ENABLE_NLS 1
| #define HAVE_GETTEXT 1
| #define HAVE_DCGETTEXT 1
| #define HAVE_STDIO_H 1
| #define HAVE_STDLIB_H 1
| #define HAVE_STRING_H 1
| #define HAVE_INTTYPES_H 1
| #define HAVE_STDINT_H 1
| #define HAVE_STRINGS_H 1
| #define HAVE_SYS_STAT_H 1
| #define HAVE_SYS_TYPES_H 1
| #define HAVE_UNISTD_H 1
| #define HAVE_SYS_PARAM_H 1
| #define STDC_HEADERS 1
| #define HAVE_DLFCN_H 1
| #define LT_OBJDIR ".libs/"
| #define HAVE_LIBZ 1
| #define HAVE_ICONV 1
| #define ICONV_CONST 
| #define HAVE_LIBINTL_H 1
| #define HAVE_LOCALE_H 1
| #define HAVE_MALLOC_H 1
| #define HAVE_STDINT_H 1
| #define HAVE_STDLIB_H 1
| #define HAVE_STRING_H 1
| #define HAVE_UNISTD_H 1
| #define HAVE_SYS_MMAN_H 1
| #define HAVE_UTIME_H 1
| #define HAVE_REGEX_H 1
| #define HAVE__BOOL 1
| #define HAVE_STDBOOL_H 1
| #define HAVE_GETPAGESIZE 1
| #define HAVE_MMAP 1
| /* end confdefs.h.  */
| 
| int
| main (void)
| {
| (void) strchr;
|   ;
|   return 0;
| }
configure:17833: afl-cc -c -O2 -fno-builtin  conftest.c >&5
configure:17833: $? = 0
configure:17850: result: -fno-builtin
configure:17864: checking whether strerror_r is declared
configure:17864: afl-cc -c -O2 -fno-builtin  conftest.c >&5
configure:17864: $? = 0
configure:17864: result: yes
configure:17883: checking whether strerror_r returns char *
configure:17908: afl-cc -c -O2  conftest.c >&5
conftest.c:52:13: error: indirection requires pointer operand ('int' invalid)
          char x = *strerror_r (0, buf, sizeof buf);
                   ^~~~~~~~~~~~~~~~~~~~~~~~~~~~~~~~
conftest.c:53:10: warning: incompatible integer to pointer conversion initializing 'char *' with an expression of type 'int' [-Wint-conversion]
          char *p = strerror_r (0, buf, sizeof buf);
                ^   ~~~~~~~~~~~~~~~~~~~~~~~~~~~~~~~
1 warning and 1 error generated.
configure:17908: $? = 1
configure: failed program was:
| /* confdefs.h */
| #define PACKAGE_NAME "exiv2"
| #define PACKAGE_TARNAME "exiv2"
| #define PACKAGE_VERSION "0.26"
| #define PACKAGE_STRING "exiv2 0.26"
| #define PACKAGE_BUGREPORT "ahuggel@gmx.net"
| #define PACKAGE_URL ""
| #define PACKAGE "exiv2"
| #define VERSION "0.26"
| #define ENABLE_NLS 1
| #define HAVE_GETTEXT 1
| #define HAVE_DCGETTEXT 1
| #define HAVE_STDIO_H 1
| #define HAVE_STDLIB_H 1
| #define HAVE_STRING_H 1
| #define HAVE_INTTYPES_H 1
| #define HAVE_STDINT_H 1
| #define HAVE_STRINGS_H 1
| #define HAVE_SYS_STAT_H 1
| #define HAVE_SYS_TYPES_H 1
| #define HAVE_UNISTD_H 1
| #define HAVE_SYS_PARAM_H 1
| #define STDC_HEADERS 1
| #define HAVE_DLFCN_H 1
| #define LT_OBJDIR ".libs/"
| #define HAVE_LIBZ 1
| #define HAVE_ICONV 1
| #define ICONV_CONST 
| #define HAVE_LIBINTL_H 1
| #define HAVE_LOCALE_H 1
| #define HAVE_MALLOC_H 1
| #define HAVE_STDINT_H 1
| #define HAVE_STDLIB_H 1
| #define HAVE_STRING_H 1
| #define HAVE_UNISTD_H 1
| #define HAVE_SYS_MMAN_H 1
| #define HAVE_UTIME_H 1
| #define HAVE_REGEX_H 1
| #define HAVE__BOOL 1
| #define HAVE_STDBOOL_H 1
| #define HAVE_GETPAGESIZE 1
| #define HAVE_MMAP 1
| #define HAVE_DECL_STRERROR_R 1
| #define HAVE_STRERROR_R 1
| /* end confdefs.h.  */
| #include <string.h>
| int
| main (void)
| {
| 
| 	  char buf[100];
| 	  char x = *strerror_r (0, buf, sizeof buf);
| 	  char *p = strerror_r (0, buf, sizeof buf);
| 	  return !p || x;
| 
|   ;
|   return 0;
| }
configure:17917: result: no
configure:17925: checking for gmtime_r
configure:17925: afl-cc -o conftest -O2   conftest.c -lz  -lm >&5
configure:17925: $? = 0
configure:17925: result: yes
configure:17931: checking for lstat
configure:17931: afl-cc -o conftest -O2   conftest.c -lz  -lm >&5
configure:17931: $? = 0
configure:17931: result: yes
configure:17937: checking for memset
configure:17937: afl-cc -o conftest -O2   conftest.c -lz  -lm >&5
conftest.c:64:6: warning: incompatible redeclaration of library function 'memset' [-Wincompatible-library-redeclaration]
char memset ();
     ^
conftest.c:64:6: note: 'memset' is a builtin with type 'void *(void *, int, unsigned long)'
1 warning generated.
configure:17937: $? = 0
configure:17937: result: yes
configure:17943: checking for mmap
configure:17943: afl-cc -o conftest -O2   conftest.c -lz  -lm >&5
configure:17943: $? = 0
configure:17943: result: yes
configure:17949: checking for munmap
configure:17949: afl-cc -o conftest -O2   conftest.c -lz  -lm >&5
configure:17949: $? = 0
configure:17949: result: yes
configure:17955: checking for strchr
configure:17955: afl-cc -o conftest -O2   conftest.c -lz  -lm >&5
conftest.c:67:6: warning: incompatible redeclaration of library function 'strchr' [-Wincompatible-library-redeclaration]
char strchr ();
     ^
conftest.c:67:6: note: 'strchr' is a builtin with type 'char *(const char *, int)'
1 warning generated.
configure:17955: $? = 0
configure:17955: result: yes
configure:17961: checking for strerror
configure:17961: afl-cc -o conftest -O2   conftest.c -lz  -lm >&5
conftest.c:68:6: warning: incompatible redeclaration of library function 'strerror' [-Wincompatible-library-redeclaration]
char strerror ();
     ^
conftest.c:68:6: note: 'strerror' is a builtin with type 'char *(int)'
1 warning generated.
configure:17961: $? = 0
configure:17961: result: yes
configure:17967: checking for strtol
configure:17967: afl-cc -o conftest -O2   conftest.c -lz  -lm >&5
conftest.c:69:6: warning: incompatible redeclaration of library function 'strtol' [-Wincompatible-library-redeclaration]
char strtol ();
     ^
conftest.c:69:6: note: 'strtol' is a builtin with type 'long (const char *, char **, int)'
1 warning generated.
configure:17967: $? = 0
configure:17967: result: yes
configure:17977: checking for timegm
configure:17977: afl-cc -o conftest -O2   conftest.c -lz  -lm >&5
configure:17977: $? = 0
configure:17977: result: yes
configure:17991: checking whether to enable dependency tracking
configure:18001: result: yes
configure:18010: checking whether to enable symbol visibility support
configure:18025: result: yes
configure:18036: checking whether the C++ compiler accepts the -xldscope=hidden flag
configure:18066: afl-c++ -c -O2 -xldscope=hidden  conftest.cpp >&5
clang: error: language not recognized: 'ldscope=hidden'
configure:18066: $? = 1
configure: failed program was:
| /* confdefs.h */
| #define PACKAGE_NAME "exiv2"
| #define PACKAGE_TARNAME "exiv2"
| #define PACKAGE_VERSION "0.26"
| #define PACKAGE_STRING "exiv2 0.26"
| #define PACKAGE_BUGREPORT "ahuggel@gmx.net"
| #define PACKAGE_URL ""
| #define PACKAGE "exiv2"
| #define VERSION "0.26"
| #define ENABLE_NLS 1
| #define HAVE_GETTEXT 1
| #define HAVE_DCGETTEXT 1
| #define HAVE_STDIO_H 1
| #define HAVE_STDLIB_H 1
| #define HAVE_STRING_H 1
| #define HAVE_INTTYPES_H 1
| #define HAVE_STDINT_H 1
| #define HAVE_STRINGS_H 1
| #define HAVE_SYS_STAT_H 1
| #define HAVE_SYS_TYPES_H 1
| #define HAVE_UNISTD_H 1
| #define HAVE_SYS_PARAM_H 1
| #define STDC_HEADERS 1
| #define HAVE_DLFCN_H 1
| #define LT_OBJDIR ".libs/"
| #define HAVE_LIBZ 1
| #define HAVE_ICONV 1
| #define ICONV_CONST 
| #define HAVE_LIBINTL_H 1
| #define HAVE_LOCALE_H 1
| #define HAVE_MALLOC_H 1
| #define HAVE_STDINT_H 1
| #define HAVE_STDLIB_H 1
| #define HAVE_STRING_H 1
| #define HAVE_UNISTD_H 1
| #define HAVE_SYS_MMAN_H 1
| #define HAVE_UTIME_H 1
| #define HAVE_REGEX_H 1
| #define HAVE__BOOL 1
| #define HAVE_STDBOOL_H 1
| #define HAVE_GETPAGESIZE 1
| #define HAVE_MMAP 1
| #define HAVE_DECL_STRERROR_R 1
| #define HAVE_STRERROR_R 1
| #define HAVE_GMTIME_R 1
| #define HAVE_LSTAT 1
| #define HAVE_MEMSET 1
| #define HAVE_MMAP 1
| #define HAVE_MUNMAP 1
| #define HAVE_STRCHR 1
| #define HAVE_STRERROR 1
| #define HAVE_STRTOL 1
| #define HAVE_TIMEGM 1
| /* end confdefs.h.  */
| 
| 
| int
| main (void)
| {
| 
|   ;
|   return 0;
| }
| 
configure:18090: result: no
configure:18117: checking whether the C++ compiler accepts the -fvisibility-inlines-hidden flag
configure:18147: afl-c++ -c -O2 -fvisibility-inlines-hidden  conftest.cpp >&5
configure:18147: $? = 0
configure:18171: result: yes
configure:18201: checking whether to use the lens database for Nikon lens names
configure:18211: result: yes
configure:18218: checking whether to compile a commercial version of the Exiv2 library
configure:18228: result: no
configure:18233: checking whether to enable XMP support (requires expat)
configure:18243: result: yes
configure:18246: checking whether to compile with video support
configure:18256: result: no
configure:18267: checking whether to compile with webready support
configure:18277: result: no
configure:18511: checking for expat.h
configure:18511: afl-cc -c -O2  conftest.c >&5
configure:18511: $? = 0
configure:18511: result: yes
configure:18515: checking for XML_ParserCreate in -lexpat
configure:18538: afl-cc -o conftest -O2   conftest.c -lexpat  -lz  -lm >&5
configure:18538: $? = 0
configure:18548: result: yes
configure:18581: checking for pthread_create in -lpthread
configure:18604: afl-cc -o conftest -O2   conftest.c -lpthread  -lz  -lm >&5
configure:18604: $? = 0
configure:18614: result: yes
configure:18800: creating ./config.status

## ---------------------- ##
## Running config.status. ##
## ---------------------- ##

This file was extended by exiv2 config.status 0.26, which was
generated by GNU Autoconf 2.71.  Invocation command line was

  CONFIG_FILES    = 
  CONFIG_HEADERS  = 
  CONFIG_LINKS    = 
  CONFIG_COMMANDS = 
  $ ./config.status 

on b219ae636895

config.status:1166: creating ./Makefile
config.status:1166: creating ./config/config.mk
config.status:1166: creating ./config/exiv2.pc
config.status:1166: creating ./po/Makefile.in
config.status:1166: creating ./src/doxygen.hpp
config.status:1166: creating ./config/config.h
config.status:1341: ./config/config.h is unchanged
config.status:1355: executing default-1 commands
config.status:1355: executing libtool commands

## ---------------- ##
## Cache variables. ##
## ---------------- ##

ac_cv_build=x86_64-unknown-linux-gnu
ac_cv_c_compiler_gnu=yes
ac_cv_c_const=yes
ac_cv_c_inline=inline
ac_cv_c_undeclared_builtin_options=-fno-builtin
ac_cv_cxx_compiler_gnu=yes
ac_cv_env_CCC_set=
ac_cv_env_CCC_value=
ac_cv_env_CC_set=set
ac_cv_env_CC_value=afl-cc
ac_cv_env_CFLAGS_set=
ac_cv_env_CFLAGS_value=
ac_cv_env_CPPFLAGS_set=
ac_cv_env_CPPFLAGS_value=
ac_cv_env_CPP_set=
ac_cv_env_CPP_value=
ac_cv_env_CXXCPP_set=
ac_cv_env_CXXCPP_value=
ac_cv_env_CXXFLAGS_set=
ac_cv_env_CXXFLAGS_value=
ac_cv_env_CXX_set=set
ac_cv_env_CXX_value=afl-c++
ac_cv_env_LDFLAGS_set=
ac_cv_env_LDFLAGS_value=
ac_cv_env_LIBS_set=
ac_cv_env_LIBS_value=
ac_cv_env_build_alias_set=
ac_cv_env_build_alias_value=
ac_cv_env_host_alias_set=
ac_cv_env_host_alias_value=
ac_cv_env_target_alias_set=
ac_cv_env_target_alias_value=
ac_cv_func_getpagesize=yes
ac_cv_func_gmtime_r=yes
ac_cv_func_lstat=yes
ac_cv_func_memset=yes
ac_cv_func_mmap=yes
ac_cv_func_mmap_fixed_mapped=yes
ac_cv_func_munmap=yes
ac_cv_func_strchr=yes
ac_cv_func_strerror=yes
ac_cv_func_strerror_r_char_p=no
ac_cv_func_strtol=yes
ac_cv_func_timegm=yes
ac_cv_have_decl_strerror_r=yes
ac_cv_header_dlfcn_h=yes
ac_cv_header_expat_h=yes
ac_cv_header_inttypes_h=yes
ac_cv_header_libintl_h=yes
ac_cv_header_locale_h=yes
ac_cv_header_malloc_h=yes
ac_cv_header_regex_h=yes
ac_cv_header_stdbool_h=yes
ac_cv_header_stdint_h=yes
ac_cv_header_stdio_h=yes
ac_cv_header_stdlib_h=yes
ac_cv_header_string_h=yes
ac_cv_header_strings_h=yes
ac_cv_header_sys_mman_h=yes
ac_cv_header_sys_param_h=yes
ac_cv_header_sys_stat_h=yes
ac_cv_header_sys_types_h=yes
ac_cv_header_unistd_h=yes
ac_cv_header_utime_h=yes
ac_cv_header_zlib_h=yes
ac_cv_host=x86_64-unknown-linux-gnu
ac_cv_lib_expat_XML_ParserCreate=yes
ac_cv_lib_m_cos=yes
ac_cv_lib_pthread_pthread_create=yes
ac_cv_lib_z_inflateEnd=yes
ac_cv_objext=o
ac_cv_path_EGREP='/usr/bin/grep -E'
ac_cv_path_FGREP='/usr/bin/grep -F'
ac_cv_path_GMSGFMT=:
ac_cv_path_GREP=/usr/bin/grep
ac_cv_path_MSGFMT=:
ac_cv_path_MSGMERGE=:
ac_cv_path_SED=/usr/bin/sed
ac_cv_path_XGETTEXT=:
ac_cv_path_install='/usr/bin/install -c'
ac_cv_prog_CPP='afl-cc -E'
ac_cv_prog_CXXCPP='afl-c++ -E'
ac_cv_prog_ac_ct_AR=ar
ac_cv_prog_ac_ct_CC=afl-cc
ac_cv_prog_ac_ct_OBJDUMP=objdump
ac_cv_prog_ac_ct_RANLIB=ranlib
ac_cv_prog_ac_ct_STRIP=strip
ac_cv_prog_cc_c11=
ac_cv_prog_cc_g=no
ac_cv_prog_cc_stdc=
ac_cv_prog_cxx_11=no
ac_cv_prog_cxx_cxx11=
ac_cv_prog_cxx_g=no
ac_cv_prog_cxx_stdcxx=
ac_cv_prog_make_make_set=yes
ac_cv_struct_tm=time.h
ac_cv_type__Bool=yes
ac_cv_type_pid_t=yes
ac_cv_type_size_t=yes
acl_cv_hardcode_direct=no
acl_cv_hardcode_libdir_flag_spec='${wl}-rpath ${wl}$libdir'
acl_cv_hardcode_libdir_separator=
acl_cv_hardcode_minus_L=no
acl_cv_libext=a
acl_cv_libname_spec='lib$name'
acl_cv_library_names_spec='$libname$shrext'
acl_cv_path_LD=/usr/bin/ld
acl_cv_prog_gnu_ld=yes
acl_cv_rpath=done
acl_cv_shlibext=so
acl_cv_wl=-Wl,
am_cv_func_iconv=yes
am_cv_lib_iconv=no
am_cv_proto_iconv='extern size_t iconv (iconv_t cd, char * *inbuf, size_t *inbytesleft, char * *outbuf, size_t *outbytesleft);'
am_cv_proto_iconv_arg1=
ax_cv_cxx_check_flag__fvisibility_inlines_hidden=yes
ax_cv_cxx_check_flag__xldscope_hidden=no
gt_cv_func_CFLocaleCopyCurrent=no
gt_cv_func_CFPreferencesCopyAppValue=no
gt_cv_func_gnugettext1_libc=yes
lt_cv_deplibs_check_method=pass_all
lt_cv_file_magic_cmd='$MAGIC_CMD'
lt_cv_file_magic_test_file=
lt_cv_ld_reload_flag=-r
lt_cv_nm_interface='BSD nm'
lt_cv_objdir=.libs
lt_cv_path_LD=/usr/bin/ld
lt_cv_path_LDCXX='/usr/bin/ld -m elf_x86_64'
lt_cv_path_NM='/usr/bin/nm -B'
lt_cv_prog_compiler_c_o=yes
lt_cv_prog_compiler_c_o_CXX=yes
lt_cv_prog_compiler_pic_works=yes
lt_cv_prog_compiler_pic_works_CXX=yes
lt_cv_prog_compiler_rtti_exceptions=yes
lt_cv_prog_compiler_static_works=yes
lt_cv_prog_compiler_static_works_CXX=yes
lt_cv_prog_gnu_ld=yes
lt_cv_prog_gnu_ldcxx=yes
lt_cv_sys_global_symbol_pipe='sed -n -e '\''s/^.*[	 ]\([ABCDGIRSTW][ABCDGIRSTW]*\)[	 ][	 ]*\([_A-Za-z][_A-Za-z0-9]*\)$/\1 \2 \2/p'\'''
lt_cv_sys_global_symbol_to_c_name_address='sed -n -e '\''s/^: \([^ ]*\) $/  {\"\1\", (void *) 0},/p'\'' -e '\''s/^[ABCDGIRSTW]* \([^ ]*\) \([^ ]*\)$/  {"\2", (void *) \&\2},/p'\'''
lt_cv_sys_global_symbol_to_c_name_address_lib_prefix='sed -n -e '\''s/^: \([^ ]*\) $/  {\"\1\", (void *) 0},/p'\'' -e '\''s/^[ABCDGIRSTW]* \([^ ]*\) \(lib[^ ]*\)$/  {"\2", (void *) \&\2},/p'\'' -e '\''s/^[ABCDGIRSTW]* \([^ ]*\) \([^ ]*\)$/  {"lib\2", (void *) \&\2},/p'\'''
lt_cv_sys_global_symbol_to_cdecl='sed -n -e '\''s/^T .* \(.*\)$/extern int \1();/p'\'' -e '\''s/^[ABCDGIRSTW]* .* \(.*\)$/extern char \1;/p'\'''
lt_cv_sys_max_cmd_len=1572864
zlib_cv_libz=yes
zlib_cv_zlib_h=yes

## ----------------- ##
## Output variables. ##
## ----------------- ##

AR='ar'
CC='afl-cc'
CFLAGS='-O2'
COMMERCIAL_VERSION='no'
CPP='afl-cc -E'
CPPFLAGS=' -std=c++98 -std=gnu++98'
CURL_CPPFLAGS=''
CURL_LDFLAGS=''
CURL_LIBS=''
CXX='afl-c++'
CXXCPP='afl-c++ -E'
CXXFLAGS='-O2 -fvisibility=hidden -fvisibility-inlines-hidden'
DEFS='-DHAVE_CONFIG_H'
DEP_TRACKING='1'
DSYMUTIL=''
DUMPBIN=''
ECHO_C=''
ECHO_N='-n'
ECHO_T=''
EGREP='/usr/bin/grep -E'
ENABLE_VIDEO=''
ENABLE_XMP='1'
EXEEXT=''
EXIV2_LTVERSION='26:0:0'
EXPAT_CPPFLAGS=''
EXPAT_LDFLAGS=''
EXPAT_LIBS='-lexpat'
EXV_LIB_STATIC=''
FGREP='/usr/bin/grep -F'
GCC='yes'
GMSGFMT=':'
GREP='/usr/bin/grep'
GXX='yes'
HAVE_LIBZ='1'
HAVE_TIMEGM='1'
INSTALL_DATA='${INSTALL} -m 644'
INSTALL_PROGRAM='${INSTALL}'
INSTALL_SCRIPT='${INSTALL}'
INTLLIBS=''
INTL_MACOSX_LIBS=''
LD='/usr/bin/ld -m elf_x86_64'
LDFLAGS=' -ldl -lpthread'
LIBICONV=''
LIBINTL=''
LIBM='-lm'
LIBOBJS=''
LIBS='-lz  -lm'
LIBTOOL='$(SHELL) $(top_builddir)/libtool'
LIBTOOL_DEPS='././config//ltmain.sh'
LIPO=''
LN_S='ln -s'
LTLIBICONV=''
LTLIBINTL=''
LTLIBOBJS=''
MKINSTALLDIRS='$(top_builddir)/././config//mkinstalldirs'
MSGFMT=':'
MSGMERGE=':'
NM='/usr/bin/nm -B'
NMEDIT=''
OBJDUMP='objdump'
OBJEXT='o'
OTOOL64=''
OTOOL=''
PACKAGE='exiv2'
PACKAGE_BUGREPORT='ahuggel@gmx.net'
PACKAGE_NAME='exiv2'
PACKAGE_STRING='exiv2 0.26'
PACKAGE_TARNAME='exiv2'
PACKAGE_URL=''
PACKAGE_VERSION='0.26'
PATH_SEPARATOR=':'
POSUB='po'
PTHREAD_LIBS='-lpthread'
RANLIB='ranlib'
SED='/usr/bin/sed'
SET_MAKE=''
SHELL='/bin/bash'
SSH_CPPFLAGS=''
SSH_LDFLAGS=''
SSH_LIBS=''
STRIP='strip'
USE_NLS='no'
USE_SSH=''
VERSION='0.26'
XGETTEXT=':'
ac_ct_CC='afl-cc'
ac_ct_CXX=''
ac_ct_DUMPBIN=''
bindir='${exec_prefix}/bin'
build='x86_64-unknown-linux-gnu'
build_alias=''
build_cpu='x86_64'
build_os='linux-gnu'
build_vendor='unknown'
datadir='${datarootdir}'
datarootdir='${prefix}/share'
docdir='${datarootdir}/doc/${PACKAGE_TARNAME}'
dvidir='${docdir}'
exec_prefix='${prefix}'
host='x86_64-unknown-linux-gnu'
host_alias=''
host_cpu='x86_64'
host_os='linux-gnu'
host_vendor='unknown'
htmldir='${docdir}'
includedir='${prefix}/include'
infodir='${datarootdir}/info'
libdir='${exec_prefix}/lib'
libexecdir='${exec_prefix}/libexec'
localedir='${datarootdir}/locale'
localstatedir='${prefix}/var'
lt_ECHO='echo'
mandir='${datarootdir}/man'
oldincludedir='/usr/include'
pdfdir='${docdir}'
prefix='/usr/local'
program_transform_name='s,x,x,'
psdir='${docdir}'
runstatedir='${localstatedir}/run'
sbindir='${exec_prefix}/sbin'
sharedstatedir='${prefix}/com'
sysconfdir='${prefix}/etc'
target_alias=''

## ----------- ##
## confdefs.h. ##
## ----------- ##

/* confdefs.h */
#define PACKAGE_NAME "exiv2"
#define PACKAGE_TARNAME "exiv2"
#define PACKAGE_VERSION "0.26"
#define PACKAGE_STRING "exiv2 0.26"
#define PACKAGE_BUGREPORT "ahuggel@gmx.net"
#define PACKAGE_URL ""
#define PACKAGE "exiv2"
#define VERSION "0.26"
#define ENABLE_NLS 1
#define HAVE_GETTEXT 1
#define HAVE_DCGETTEXT 1
#define HAVE_STDIO_H 1
#define HAVE_STDLIB_H 1
#define HAVE_STRING_H 1
#define HAVE_INTTYPES_H 1
#define HAVE_STDINT_H 1
#define HAVE_STRINGS_H 1
#define HAVE_SYS_STAT_H 1
#define HAVE_SYS_TYPES_H 1
#define HAVE_UNISTD_H 1
#define HAVE_SYS_PARAM_H 1
#define STDC_HEADERS 1
#define HAVE_DLFCN_H 1
#define LT_OBJDIR ".libs/"
#define HAVE_LIBZ 1
#define HAVE_ICONV 1
#define ICONV_CONST 
#define HAVE_LIBINTL_H 1
#define HAVE_LOCALE_H 1
#define HAVE_MALLOC_H 1
#define HAVE_STDINT_H 1
#define HAVE_STDLIB_H 1
#define HAVE_STRING_H 1
#define HAVE_UNISTD_H 1
#define HAVE_SYS_MMAN_H 1
#define HAVE_UTIME_H 1
#define HAVE_REGEX_H 1
#define HAVE__BOOL 1
#define HAVE_STDBOOL_H 1
#define HAVE_GETPAGESIZE 1
#define HAVE_MMAP 1
#define HAVE_DECL_STRERROR_R 1
#define HAVE_STRERROR_R 1
#define HAVE_GMTIME_R 1
#define HAVE_LSTAT 1
#define HAVE_MEMSET 1
#define HAVE_MMAP 1
#define HAVE_MUNMAP 1
#define HAVE_STRCHR 1
#define HAVE_STRERROR 1
#define HAVE_STRTOL 1
#define HAVE_TIMEGM 1
#define WANT_VISIBILITY_SUPPORT 1
#define HAVE_LENSDATA 1
#define HAVE_EXPAT_H 1
#define HAVE_EXPAT /**/
#define HAVE_XMP_TOOLKIT 1

configure: exit 0
